<?xml version="1.0" encoding="UTF-8"?>
<testsuite xmlns:xsi="http://www.w3.org/2001/XMLSchema-instance" xsi:noNamespaceSchemaLocation="https://maven.apache.org/surefire/maven-surefire-plugin/xsd/surefire-test-report-3.0.xsd" version="3.0" name="TestSuite" time="27.345" tests="1" errors="0" skipped="0" failures="0">
  <properties>
    <property name="java.specification.version" value="17"/>
    <property name="webdriver.chrome.driver" value="C:\Users\13478\.cache\selenium\chromedriver\win32\108.0.5359.71\chromedriver.exe"/>
    <property name="sun.cpu.isalist" value="amd64"/>
    <property name="sun.jnu.encoding" value="Cp1252"/>
    <property name="java.class.path" value="C:\Users\13478\eclipse-workspace\Smart_Career\target\test-classes;C:\Users\13478\eclipse-workspace\Smart_Career\target\classes;C:\Users\13478\.m2\repository\com\aventstack\extentreports\3.1.2\extentreports-3.1.2.jar;C:\Users\13478\.m2\repository\org\freemarker\freemarker\2.3.23\freemarker-2.3.23.jar;C:\Users\13478\.m2\repository\org\mongodb\mongodb-driver\3.3.0\mongodb-driver-3.3.0.jar;C:\Users\13478\.m2\repository\org\mongodb\bson\3.3.0\bson-3.3.0.jar;C:\Users\13478\.m2\repository\org\mongodb\mongodb-driver-core\3.3.0\mongodb-driver-core-3.3.0.jar;C:\Users\13478\.m2\repository\org\apache\httpcomponents\httpclient\4.5.2\httpclient-4.5.2.jar;C:\Users\13478\.m2\repository\org\apache\httpcomponents\httpcore\4.4.4\httpcore-4.4.4.jar;C:\Users\13478\.m2\repository\commons-logging\commons-logging\1.2\commons-logging-1.2.jar;C:\Users\13478\.m2\repository\org\apache\httpcomponents\httpmime\4.5.2\httpmime-4.5.2.jar;C:\Users\13478\.m2\repository\org\jsoup\jsoup\1.9.2\jsoup-1.9.2.jar;C:\Users\13478\.m2\repository\com\google\code\gson\gson\2.8.0\gson-2.8.0.jar;C:\Users\13478\.m2\repository\org\testng\testng\6.14.3\testng-6.14.3.jar;C:\Users\13478\.m2\repository\com\beust\jcommander\1.72\jcommander-1.72.jar;C:\Users\13478\.m2\repository\org\apache-extras\beanshell\bsh\2.0b6\bsh-2.0b6.jar;C:\Users\13478\.m2\repository\com\oracle\ojdbc\ojdbc8\19.3.0.0\ojdbc8-19.3.0.0.jar;C:\Users\13478\.m2\repository\com\oracle\ojdbc\ucp\19.3.0.0\ucp-19.3.0.0.jar;C:\Users\13478\.m2\repository\com\oracle\ojdbc\oraclepki\19.3.0.0\oraclepki-19.3.0.0.jar;C:\Users\13478\.m2\repository\com\oracle\ojdbc\osdt_cert\19.3.0.0\osdt_cert-19.3.0.0.jar;C:\Users\13478\.m2\repository\com\oracle\ojdbc\osdt_core\19.3.0.0\osdt_core-19.3.0.0.jar;C:\Users\13478\.m2\repository\com\oracle\ojdbc\simplefan\19.3.0.0\simplefan-19.3.0.0.jar;C:\Users\13478\.m2\repository\com\oracle\ojdbc\ons\19.3.0.0\ons-19.3.0.0.jar;C:\Users\13478\.m2\repository\org\apache\poi\poi\3.11\poi-3.11.jar;C:\Users\13478\.m2\repository\commons-codec\commons-codec\1.9\commons-codec-1.9.jar;C:\Users\13478\.m2\repository\org\apache\poi\poi-ooxml\3.11\poi-ooxml-3.11.jar;C:\Users\13478\.m2\repository\org\apache\poi\poi-ooxml-schemas\3.11\poi-ooxml-schemas-3.11.jar;C:\Users\13478\.m2\repository\org\apache\xmlbeans\xmlbeans\2.6.0\xmlbeans-2.6.0.jar;C:\Users\13478\.m2\repository\stax\stax-api\1.0.1\stax-api-1.0.1.jar;C:\Users\13478\.m2\repository\org\seleniumhq\selenium\selenium-java\3.141.59\selenium-java-3.141.59.jar;C:\Users\13478\.m2\repository\org\seleniumhq\selenium\selenium-api\3.141.59\selenium-api-3.141.59.jar;C:\Users\13478\.m2\repository\org\seleniumhq\selenium\selenium-chrome-driver\3.141.59\selenium-chrome-driver-3.141.59.jar;C:\Users\13478\.m2\repository\org\seleniumhq\selenium\selenium-edge-driver\3.141.59\selenium-edge-driver-3.141.59.jar;C:\Users\13478\.m2\repository\org\seleniumhq\selenium\selenium-firefox-driver\3.141.59\selenium-firefox-driver-3.141.59.jar;C:\Users\13478\.m2\repository\org\seleniumhq\selenium\selenium-ie-driver\3.141.59\selenium-ie-driver-3.141.59.jar;C:\Users\13478\.m2\repository\org\seleniumhq\selenium\selenium-opera-driver\3.141.59\selenium-opera-driver-3.141.59.jar;C:\Users\13478\.m2\repository\org\seleniumhq\selenium\selenium-remote-driver\3.141.59\selenium-remote-driver-3.141.59.jar;C:\Users\13478\.m2\repository\org\seleniumhq\selenium\selenium-safari-driver\3.141.59\selenium-safari-driver-3.141.59.jar;C:\Users\13478\.m2\repository\org\seleniumhq\selenium\selenium-support\3.141.59\selenium-support-3.141.59.jar;C:\Users\13478\.m2\repository\net\bytebuddy\byte-buddy\1.8.15\byte-buddy-1.8.15.jar;C:\Users\13478\.m2\repository\org\apache\commons\commons-exec\1.3\commons-exec-1.3.jar;C:\Users\13478\.m2\repository\com\google\guava\guava\25.0-jre\guava-25.0-jre.jar;C:\Users\13478\.m2\repository\com\google\code\findbugs\jsr305\1.3.9\jsr305-1.3.9.jar;C:\Users\13478\.m2\repository\org\checkerframework\checker-compat-qual\2.0.0\checker-compat-qual-2.0.0.jar;C:\Users\13478\.m2\repository\com\google\errorprone\error_prone_annotations\2.1.3\error_prone_annotations-2.1.3.jar;C:\Users\13478\.m2\repository\com\google\j2objc\j2objc-annotations\1.1\j2objc-annotations-1.1.jar;C:\Users\13478\.m2\repository\org\codehaus\mojo\animal-sniffer-annotations\1.14\animal-sniffer-annotations-1.14.jar;C:\Users\13478\.m2\repository\com\squareup\okhttp3\okhttp\3.11.0\okhttp-3.11.0.jar;C:\Users\13478\.m2\repository\com\squareup\okio\okio\1.14.0\okio-1.14.0.jar;C:\Users\13478\.m2\repository\org\slf4j\slf4j-api\1.7.25\slf4j-api-1.7.25.jar;C:\Users\13478\.m2\repository\org\slf4j\slf4j-log4j12\1.7.25\slf4j-log4j12-1.7.25.jar;C:\Users\13478\.m2\repository\log4j\log4j\1.2.17\log4j-1.2.17.jar;C:\Users\13478\.m2\repository\io\cucumber\cucumber-testng\6.10.4\cucumber-testng-6.10.4.jar;C:\Users\13478\.m2\repository\org\apiguardian\apiguardian-api\1.1.1\apiguardian-api-1.1.1.jar;C:\Users\13478\.m2\repository\io\cucumber\cucumber-core\6.10.4\cucumber-core-6.10.4.jar;C:\Users\13478\.m2\repository\io\cucumber\cucumber-gherkin\6.10.4\cucumber-gherkin-6.10.4.jar;C:\Users\13478\.m2\repository\io\cucumber\cucumber-gherkin-messages\6.10.4\cucumber-gherkin-messages-6.10.4.jar;C:\Users\13478\.m2\repository\io\cucumber\messages\15.0.0\messages-15.0.0.jar;C:\Users\13478\.m2\repository\io\cucumber\tag-expressions\3.0.1\tag-expressions-3.0.1.jar;C:\Users\13478\.m2\repository\io\cucumber\cucumber-expressions\10.3.0\cucumber-expressions-10.3.0.jar;C:\Users\13478\.m2\repository\io\cucumber\datatable\3.5.0\datatable-3.5.0.jar;C:\Users\13478\.m2\repository\io\cucumber\cucumber-plugin\6.10.4\cucumber-plugin-6.10.4.jar;C:\Users\13478\.m2\repository\io\cucumber\docstring\6.10.4\docstring-6.10.4.jar;C:\Users\13478\.m2\repository\io\cucumber\html-formatter\13.0.0\html-formatter-13.0.0.jar;C:\Users\13478\.m2\repository\io\cucumber\create-meta\4.0.0\create-meta-4.0.0.jar;C:\Users\13478\.m2\repository\io\cucumber\cucumber-java\6.10.4\cucumber-java-6.10.4.jar;C:\Users\13478\.m2\repository\org\hamcrest\hamcrest\2.2\hamcrest-2.2.jar;C:\Users\13478\.m2\repository\io\github\bonigarcia\webdrivermanager\5.0.3\webdrivermanager-5.0.3.jar;C:\Users\13478\.m2\repository\com\github\docker-java\docker-java\3.2.12\docker-java-3.2.12.jar;C:\Users\13478\.m2\repository\com\github\docker-java\docker-java-core\3.2.12\docker-java-core-3.2.12.jar;C:\Users\13478\.m2\repository\com\github\docker-java\docker-java-api\3.2.12\docker-java-api-3.2.12.jar;C:\Users\13478\.m2\repository\com\fasterxml\jackson\core\jackson-annotations\2.10.3\jackson-annotations-2.10.3.jar;C:\Users\13478\.m2\repository\commons-io\commons-io\2.6\commons-io-2.6.jar;C:\Users\13478\.m2\repository\org\apache\commons\commons-compress\1.21\commons-compress-1.21.jar;C:\Users\13478\.m2\repository\commons-lang\commons-lang\2.6\commons-lang-2.6.jar;C:\Users\13478\.m2\repository\com\fasterxml\jackson\core\jackson-databind\2.10.3\jackson-databind-2.10.3.jar;C:\Users\13478\.m2\repository\com\fasterxml\jackson\core\jackson-core\2.10.3\jackson-core-2.10.3.jar;C:\Users\13478\.m2\repository\org\bouncycastle\bcpkix-jdk15on\1.64\bcpkix-jdk15on-1.64.jar;C:\Users\13478\.m2\repository\org\bouncycastle\bcprov-jdk15on\1.64\bcprov-jdk15on-1.64.jar;C:\Users\13478\.m2\repository\org\slf4j\jcl-over-slf4j\1.7.30\jcl-over-slf4j-1.7.30.jar;C:\Users\13478\.m2\repository\com\github\docker-java\docker-java-transport-httpclient5\3.2.12\docker-java-transport-httpclient5-3.2.12.jar;C:\Users\13478\.m2\repository\com\github\docker-java\docker-java-transport\3.2.12\docker-java-transport-3.2.12.jar;C:\Users\13478\.m2\repository\org\apache\httpcomponents\client5\httpclient5\5.0.3\httpclient5-5.0.3.jar;C:\Users\13478\.m2\repository\org\apache\httpcomponents\core5\httpcore5\5.0.2\httpcore5-5.0.2.jar;C:\Users\13478\.m2\repository\net\java\dev\jna\jna\5.8.0\jna-5.8.0.jar;C:\Users\13478\.m2\repository\org\brotli\dec\0.1.2\dec-0.1.2.jar;"/>
    <property name="java.vm.vendor" value="Eclipse Adoptium"/>
    <property name="sun.arch.data.model" value="64"/>
    <property name="user.variant" value=""/>
    <property name="java.vendor.url" value="https://adoptium.net/"/>
    <property name="user.timezone" value="America/New_York"/>
    <property name="os.name" value="Windows 11"/>
    <property name="java.vm.specification.version" value="17"/>
    <property name="sun.java.launcher" value="SUN_STANDARD"/>
    <property name="user.country" value="US"/>
    <property name="sun.boot.library.path" value="C:\Users\13478\.p2\pool\plugins\org.eclipse.justj.openjdk.hotspot.jre.full.win32.x86_64_17.0.4.v20220903-1038\jre\bin"/>
    <property name="sun.java.command" value="C:\Users\13478\AppData\Local\Temp\surefire11513487719744144631\surefirebooter18407535172171978318.jar C:\Users\13478\AppData\Local\Temp\surefire11513487719744144631 2022-12-28T22-29-36_971-jvmRun1 surefire7765959773619400987tmp surefire_011313161868041296818tmp"/>
    <property name="jdk.debug" value="release"/>
    <property name="surefire.test.class.path" value="C:\Users\13478\eclipse-workspace\Smart_Career\target\test-classes;C:\Users\13478\eclipse-workspace\Smart_Career\target\classes;C:\Users\13478\.m2\repository\com\aventstack\extentreports\3.1.2\extentreports-3.1.2.jar;C:\Users\13478\.m2\repository\org\freemarker\freemarker\2.3.23\freemarker-2.3.23.jar;C:\Users\13478\.m2\repository\org\mongodb\mongodb-driver\3.3.0\mongodb-driver-3.3.0.jar;C:\Users\13478\.m2\repository\org\mongodb\bson\3.3.0\bson-3.3.0.jar;C:\Users\13478\.m2\repository\org\mongodb\mongodb-driver-core\3.3.0\mongodb-driver-core-3.3.0.jar;C:\Users\13478\.m2\repository\org\apache\httpcomponents\httpclient\4.5.2\httpclient-4.5.2.jar;C:\Users\13478\.m2\repository\org\apache\httpcomponents\httpcore\4.4.4\httpcore-4.4.4.jar;C:\Users\13478\.m2\repository\commons-logging\commons-logging\1.2\commons-logging-1.2.jar;C:\Users\13478\.m2\repository\org\apache\httpcomponents\httpmime\4.5.2\httpmime-4.5.2.jar;C:\Users\13478\.m2\repository\org\jsoup\jsoup\1.9.2\jsoup-1.9.2.jar;C:\Users\13478\.m2\repository\com\google\code\gson\gson\2.8.0\gson-2.8.0.jar;C:\Users\13478\.m2\repository\org\testng\testng\6.14.3\testng-6.14.3.jar;C:\Users\13478\.m2\repository\com\beust\jcommander\1.72\jcommander-1.72.jar;C:\Users\13478\.m2\repository\org\apache-extras\beanshell\bsh\2.0b6\bsh-2.0b6.jar;C:\Users\13478\.m2\repository\com\oracle\ojdbc\ojdbc8\19.3.0.0\ojdbc8-19.3.0.0.jar;C:\Users\13478\.m2\repository\com\oracle\ojdbc\ucp\19.3.0.0\ucp-19.3.0.0.jar;C:\Users\13478\.m2\repository\com\oracle\ojdbc\oraclepki\19.3.0.0\oraclepki-19.3.0.0.jar;C:\Users\13478\.m2\repository\com\oracle\ojdbc\osdt_cert\19.3.0.0\osdt_cert-19.3.0.0.jar;C:\Users\13478\.m2\repository\com\oracle\ojdbc\osdt_core\19.3.0.0\osdt_core-19.3.0.0.jar;C:\Users\13478\.m2\repository\com\oracle\ojdbc\simplefan\19.3.0.0\simplefan-19.3.0.0.jar;C:\Users\13478\.m2\repository\com\oracle\ojdbc\ons\19.3.0.0\ons-19.3.0.0.jar;C:\Users\13478\.m2\repository\org\apache\poi\poi\3.11\poi-3.11.jar;C:\Users\13478\.m2\repository\commons-codec\commons-codec\1.9\commons-codec-1.9.jar;C:\Users\13478\.m2\repository\org\apache\poi\poi-ooxml\3.11\poi-ooxml-3.11.jar;C:\Users\13478\.m2\repository\org\apache\poi\poi-ooxml-schemas\3.11\poi-ooxml-schemas-3.11.jar;C:\Users\13478\.m2\repository\org\apache\xmlbeans\xmlbeans\2.6.0\xmlbeans-2.6.0.jar;C:\Users\13478\.m2\repository\stax\stax-api\1.0.1\stax-api-1.0.1.jar;C:\Users\13478\.m2\repository\org\seleniumhq\selenium\selenium-java\3.141.59\selenium-java-3.141.59.jar;C:\Users\13478\.m2\repository\org\seleniumhq\selenium\selenium-api\3.141.59\selenium-api-3.141.59.jar;C:\Users\13478\.m2\repository\org\seleniumhq\selenium\selenium-chrome-driver\3.141.59\selenium-chrome-driver-3.141.59.jar;C:\Users\13478\.m2\repository\org\seleniumhq\selenium\selenium-edge-driver\3.141.59\selenium-edge-driver-3.141.59.jar;C:\Users\13478\.m2\repository\org\seleniumhq\selenium\selenium-firefox-driver\3.141.59\selenium-firefox-driver-3.141.59.jar;C:\Users\13478\.m2\repository\org\seleniumhq\selenium\selenium-ie-driver\3.141.59\selenium-ie-driver-3.141.59.jar;C:\Users\13478\.m2\repository\org\seleniumhq\selenium\selenium-opera-driver\3.141.59\selenium-opera-driver-3.141.59.jar;C:\Users\13478\.m2\repository\org\seleniumhq\selenium\selenium-remote-driver\3.141.59\selenium-remote-driver-3.141.59.jar;C:\Users\13478\.m2\repository\org\seleniumhq\selenium\selenium-safari-driver\3.141.59\selenium-safari-driver-3.141.59.jar;C:\Users\13478\.m2\repository\org\seleniumhq\selenium\selenium-support\3.141.59\selenium-support-3.141.59.jar;C:\Users\13478\.m2\repository\net\bytebuddy\byte-buddy\1.8.15\byte-buddy-1.8.15.jar;C:\Users\13478\.m2\repository\org\apache\commons\commons-exec\1.3\commons-exec-1.3.jar;C:\Users\13478\.m2\repository\com\google\guava\guava\25.0-jre\guava-25.0-jre.jar;C:\Users\13478\.m2\repository\com\google\code\findbugs\jsr305\1.3.9\jsr305-1.3.9.jar;C:\Users\13478\.m2\repository\org\checkerframework\checker-compat-qual\2.0.0\checker-compat-qual-2.0.0.jar;C:\Users\13478\.m2\repository\com\google\errorprone\error_prone_annotations\2.1.3\error_prone_annotations-2.1.3.jar;C:\Users\13478\.m2\repository\com\google\j2objc\j2objc-annotations\1.1\j2objc-annotations-1.1.jar;C:\Users\13478\.m2\repository\org\codehaus\mojo\animal-sniffer-annotations\1.14\animal-sniffer-annotations-1.14.jar;C:\Users\13478\.m2\repository\com\squareup\okhttp3\okhttp\3.11.0\okhttp-3.11.0.jar;C:\Users\13478\.m2\repository\com\squareup\okio\okio\1.14.0\okio-1.14.0.jar;C:\Users\13478\.m2\repository\org\slf4j\slf4j-api\1.7.25\slf4j-api-1.7.25.jar;C:\Users\13478\.m2\repository\org\slf4j\slf4j-log4j12\1.7.25\slf4j-log4j12-1.7.25.jar;C:\Users\13478\.m2\repository\log4j\log4j\1.2.17\log4j-1.2.17.jar;C:\Users\13478\.m2\repository\io\cucumber\cucumber-testng\6.10.4\cucumber-testng-6.10.4.jar;C:\Users\13478\.m2\repository\org\apiguardian\apiguardian-api\1.1.1\apiguardian-api-1.1.1.jar;C:\Users\13478\.m2\repository\io\cucumber\cucumber-core\6.10.4\cucumber-core-6.10.4.jar;C:\Users\13478\.m2\repository\io\cucumber\cucumber-gherkin\6.10.4\cucumber-gherkin-6.10.4.jar;C:\Users\13478\.m2\repository\io\cucumber\cucumber-gherkin-messages\6.10.4\cucumber-gherkin-messages-6.10.4.jar;C:\Users\13478\.m2\repository\io\cucumber\messages\15.0.0\messages-15.0.0.jar;C:\Users\13478\.m2\repository\io\cucumber\tag-expressions\3.0.1\tag-expressions-3.0.1.jar;C:\Users\13478\.m2\repository\io\cucumber\cucumber-expressions\10.3.0\cucumber-expressions-10.3.0.jar;C:\Users\13478\.m2\repository\io\cucumber\datatable\3.5.0\datatable-3.5.0.jar;C:\Users\13478\.m2\repository\io\cucumber\cucumber-plugin\6.10.4\cucumber-plugin-6.10.4.jar;C:\Users\13478\.m2\repository\io\cucumber\docstring\6.10.4\docstring-6.10.4.jar;C:\Users\13478\.m2\repository\io\cucumber\html-formatter\13.0.0\html-formatter-13.0.0.jar;C:\Users\13478\.m2\repository\io\cucumber\create-meta\4.0.0\create-meta-4.0.0.jar;C:\Users\13478\.m2\repository\io\cucumber\cucumber-java\6.10.4\cucumber-java-6.10.4.jar;C:\Users\13478\.m2\repository\org\hamcrest\hamcrest\2.2\hamcrest-2.2.jar;C:\Users\13478\.m2\repository\io\github\bonigarcia\webdrivermanager\5.0.3\webdrivermanager-5.0.3.jar;C:\Users\13478\.m2\repository\com\github\docker-java\docker-java\3.2.12\docker-java-3.2.12.jar;C:\Users\13478\.m2\repository\com\github\docker-java\docker-java-core\3.2.12\docker-java-core-3.2.12.jar;C:\Users\13478\.m2\repository\com\github\docker-java\docker-java-api\3.2.12\docker-java-api-3.2.12.jar;C:\Users\13478\.m2\repository\com\fasterxml\jackson\core\jackson-annotations\2.10.3\jackson-annotations-2.10.3.jar;C:\Users\13478\.m2\repository\commons-io\commons-io\2.6\commons-io-2.6.jar;C:\Users\13478\.m2\repository\org\apache\commons\commons-compress\1.21\commons-compress-1.21.jar;C:\Users\13478\.m2\repository\commons-lang\commons-lang\2.6\commons-lang-2.6.jar;C:\Users\13478\.m2\repository\com\fasterxml\jackson\core\jackson-databind\2.10.3\jackson-databind-2.10.3.jar;C:\Users\13478\.m2\repository\com\fasterxml\jackson\core\jackson-core\2.10.3\jackson-core-2.10.3.jar;C:\Users\13478\.m2\repository\org\bouncycastle\bcpkix-jdk15on\1.64\bcpkix-jdk15on-1.64.jar;C:\Users\13478\.m2\repository\org\bouncycastle\bcprov-jdk15on\1.64\bcprov-jdk15on-1.64.jar;C:\Users\13478\.m2\repository\org\slf4j\jcl-over-slf4j\1.7.30\jcl-over-slf4j-1.7.30.jar;C:\Users\13478\.m2\repository\com\github\docker-java\docker-java-transport-httpclient5\3.2.12\docker-java-transport-httpclient5-3.2.12.jar;C:\Users\13478\.m2\repository\com\github\docker-java\docker-java-transport\3.2.12\docker-java-transport-3.2.12.jar;C:\Users\13478\.m2\repository\org\apache\httpcomponents\client5\httpclient5\5.0.3\httpclient5-5.0.3.jar;C:\Users\13478\.m2\repository\org\apache\httpcomponents\core5\httpcore5\5.0.2\httpcore5-5.0.2.jar;C:\Users\13478\.m2\repository\net\java\dev\jna\jna\5.8.0\jna-5.8.0.jar;C:\Users\13478\.m2\repository\org\brotli\dec\0.1.2\dec-0.1.2.jar;"/>
    <property name="sun.cpu.endian" value="little"/>
    <property name="user.home" value="C:\Users\13478"/>
    <property name="user.language" value="en"/>
    <property name="java.specification.vendor" value="Oracle Corporation"/>
    <property name="java.version.date" value="2022-08-12"/>
    <property name="java.home" value="C:\Users\13478\.p2\pool\plugins\org.eclipse.justj.openjdk.hotspot.jre.full.win32.x86_64_17.0.4.v20220903-1038\jre"/>
    <property name="file.separator" value="\"/>
    <property name="basedir" value="C:\Users\13478\eclipse-workspace\Smart_Career"/>
    <property name="java.vm.compressedOopsMode" value="Zero based"/>
    <property name="line.separator" value="&#10;"/>
    <property name="java.vm.specification.vendor" value="Oracle Corporation"/>
    <property name="java.specification.name" value="Java Platform API Specification"/>
    <property name="surefire.real.class.path" value="C:\Users\13478\AppData\Local\Temp\surefire11513487719744144631\surefirebooter18407535172171978318.jar"/>
    <property name="user.script" value=""/>
    <property name="sun.management.compiler" value="HotSpot 64-Bit Tiered Compilers"/>
    <property name="java.runtime.version" value="17.0.4.1+1"/>
    <property name="user.name" value="13478"/>
    <property name="path.separator" value=";"/>
    <property name="os.version" value="10.0"/>
    <property name="java.runtime.name" value="OpenJDK Runtime Environment"/>
    <property name="file.encoding" value="Cp1252"/>
    <property name="java.vm.name" value="OpenJDK 64-Bit Server VM"/>
    <property name="java.vendor.version" value="Temurin-17.0.4.1+1"/>
    <property name="localRepository" value="C:\Users\13478\.m2\repository"/>
    <property name="java.vendor.url.bug" value="https://github.com/adoptium/adoptium-support/issues"/>
    <property name="java.io.tmpdir" value="C:\Users\13478\AppData\Local\Temp\"/>
    <property name="java.version" value="17.0.4.1"/>
    <property name="user.dir" value="C:\Users\13478\eclipse-workspace\Smart_Career"/>
    <property name="os.arch" value="amd64"/>
    <property name="java.vm.specification.name" value="Java Virtual Machine Specification"/>
    <property name="sun.os.patch.level" value=""/>
    <property name="native.encoding" value="Cp1252"/>
    <property name="java.library.path" value="C:\Users\13478\.p2\pool\plugins\org.eclipse.justj.openjdk.hotspot.jre.full.win32.x86_64_17.0.4.v20220903-1038\jre\bin;C:\windows\Sun\Java\bin;C:\windows\system32;C:\windows;C:/Users/13478/.p2/pool/plugins/org.eclipse.justj.openjdk.hotspot.jre.full.win32.x86_64_17.0.4.v20220903-1038/jre/bin/server;C:/Users/13478/.p2/pool/plugins/org.eclipse.justj.openjdk.hotspot.jre.full.win32.x86_64_17.0.4.v20220903-1038/jre/bin;C:\Program Files (x86)\Common Files\Oracle\Java\javapath;C:\windows\system32;C:\windows;C:\windows\System32\Wbem;C:\windows\System32\WindowsPowerShell\v1.0\;C:\windows\System32\OpenSSH\;C:\Program Files\Git\cmd;C:\Program Files\Java\jdk1.8.0_202\bin;C:\Users\13478\apache-maven-3.8.6\bin;C:\Program Files\Git\bin\git;C:\Users\13478\AppData\Local\Microsoft\WindowsApps;;C:\Users\13478\Desktop;;."/>
    <property name="java.vm.info" value="mixed mode"/>
    <property name="java.vendor" value="Eclipse Adoptium"/>
    <property name="java.vm.version" value="17.0.4.1+1"/>
    <property name="sun.io.unicode.encoding" value="UnicodeLittle"/>
    <property name="java.class.version" value="61.0"/>
  </properties>
  <testcase name="runScenario[&quot;User can login the application wtth valid credential and purchase the specific mens jacket&quot;, &quot;Optional[Valid user can purchase the men jacket from eCommarce website]&quot;](1)" classname="smart.usa.runnertest.Runner" time="26.52">
    <system-out><![CDATA[The fibrowserNamenally statement is executed file not found
Nopackage
 INFO [main] (Listener.java:14)- onTestStarts:runScenario
onTestStarts:runScenario

@Sanity
Scenario Outline: User can login the application wtth valid credential and purchase the specific mens jacket     &amp#27;[90m# Features/shopping.feature:23&amp#27;[0m
The fibrowserNamenally statement is executed file not found
 INFO [main] (Hooks.java:11)- >>>>>>>Automation is started<<<<<<<
 INFO [main] (BasePage.java:51)- I am a chrome browser
 INFO [main] (WebDriverManager.java:966)- Using chromedriver 108.0.5359.71 (resolved driver for Chrome 108)
 INFO [main] (WebDriverManager.java:1021)- Exporting webdriver.chrome.driver as C:\Users\13478\.cache\selenium\chromedriver\win32\108.0.5359.71\chromedriver.exe
The fibrowserNamenally statement is executed file not found
The fibrowserNamenally statement is executed file not found
 INFO [main] (ElementPage.java:262)- ******User able to click sign in button*******
 INFO [main] (ElementPage.java:264)- ******User able to enter the user name*******
 INFO [main] (ElementPage.java:266)- ******User able to enter password*******
 INFO [main] (ElementPage.java:268)- ******User able to click logIn button*******
  &amp#27;[32mGiven &amp#27;[0m&amp#27;[32muser already login the application and verify the login info in the landing page&amp#27;[0m                         &amp#27;[90m# smart.usa.stepdefination.Stepdefination.user_already_login_the_application_and_verify_the_login_info_in_the_landing_page()&amp#27;[0m
  &amp#27;[32mWhen &amp#27;[0m&amp#27;[32muser should be able to Jupiter All-Weather Trainer jacket from men module&amp#27;[0m                                 &amp#27;[90m# smart.usa.stepdefination.Stepdefination.user_should_be_able_to_jupiter_all_weather_trainer_jacket_from_men_module()&amp#27;[0m
  &amp#27;[32mAnd &amp#27;[0m&amp#27;[32muser verify the jacket name on the Jupiter All-Weather Trainer list&amp#27;[0m                                        &amp#27;[90m# smart.usa.stepdefination.Stepdefination.user_verify_the_jacket_name_on_the_jupiter_all_weather_trainer_list()&amp#27;[0m
 INFO [main] (Stepdefination.java:50)- *********User abel to select the jacket size********
 INFO [main] (Stepdefination.java:54)- *********User abel to select the color********
 INFO [main] (Stepdefination.java:58)- *********User abel to select the Jacket Quantity********
 INFO [main] (Stepdefination.java:62)- *********User abel to click on the cart********
  &amp#27;[32mAnd &amp#27;[0m&amp#27;[32muser should be able to select the M and Blue and &amp#27;[0m&amp#27;[32m&amp#27;[1m1&amp#27;[0m&amp#27;[32m and click on the add to cart&amp#27;[0m                            &amp#27;[90m# smart.usa.stepdefination.Stepdefination.user_should_be_able_to_select_the_m_and_blue_and_and_click_on_the_add_to_cart(java.lang.Integer)&amp#27;[0m
 INFO [main] (Stepdefination.java:69)- *********User abel to click on the Shoppingcart********
 INFO [main] (Stepdefination.java:73)- *********User abel to click on proceedToCheckOut********
  &amp#27;[32mAnd &amp#27;[0m&amp#27;[32muser able to click on the cart and checkout&amp#27;[0m                                                                &amp#27;[90m# smart.usa.stepdefination.Stepdefination.user_able_to_click_on_the_cart_and_checkout()&amp#27;[0m
 INFO [main] (Stepdefination.java:82)- *********User abel to click on Add New Adress********
 INFO [main] (ElementPage.java:273)- ******User able to enter First Name*******
 INFO [main] (ElementPage.java:278)- ******User able to enter Last Name*******
 INFO [main] (ElementPage.java:283)- ******User able to enter Company Name as Home*******
 INFO [main] (ElementPage.java:288)- ******User able to enter Home Address*******
 INFO [main] (ElementPage.java:293)- ******User able to enter CityName*******
 INFO [main] (ElementPage.java:298)- ******User able to select state*******
 INFO [main] (ElementPage.java:302)- ******User able to enter Zipcode*******
 INFO [main] (ElementPage.java:307)- ******User able to select country as United States *******
 INFO [main] (ElementPage.java:311)- ******User able to enter shipper phone number *******
 INFO [main] (ElementPage.java:316)- ******User able to click on ship here button*******
 INFO [main] (ElementPage.java:320)- ******User able to select shipping method*******
 INFO [main] (ElementPage.java:329)- ******User able to click next*******
 INFO [main] (ElementPage.java:333)- ******User able to click Place Order*******
 INFO [main] (ElementPage.java:337)- ******User able to get order number*******
 INFO [main] (ElementPage.java:341)- ******User able to get order confermation number*******
  &amp#27;[32mAnd &amp#27;[0m&amp#27;[32muser able to enter the shopping details and click on the next&amp#27;[0m                                              &amp#27;[90m# smart.usa.stepdefination.Stepdefination.user_able_to_enter_the_shopping_details_and_click_on_the_next()&amp#27;[0m
 INFO [main] (Stepdefination.java:93)- *********User abel to verify order number********
 INFO [main] (Stepdefination.java:97)- This is the new order numberYour order number is: 000013341.
  &amp#27;[32mAnd &amp#27;[0m&amp#27;[32muser able to verify the shippinig address and place the order&amp#27;[0m                                              &amp#27;[90m# smart.usa.stepdefination.Stepdefination.user_able_to_verify_the_shippinig_address_and_place_the_order()&amp#27;[0m
 INFO [main] (Stepdefination.java:106)- *********User abel to verify order number********
 INFO [main] (Stepdefination.java:110)- This is the new order numberYour order number is: 000013341.
Screenshot taken
 INFO [main] (Stepdefination.java:113)- *********User abel to verify orderconfermation text********
 INFO [main] (Stepdefination.java:117)- This is the new order numberYour order number is: 000013341.
  &amp#27;[32mThen &amp#27;[0m&amp#27;[32muser should be able to verify the order number and get text on the screen &amp#27;[0m&amp#27;[32m&amp#27;[1m"Thank you for your purchase !"&amp#27;[0m &amp#27;[90m# smart.usa.stepdefination.Stepdefination.user_should_be_able_to_verify_the_order_number_and_get_text_on_the_screen(java.lang.String)&amp#27;[0m
 INFO [main] (Hooks.java:17)- >>>>>>>Automation is ended<<<<<<<
runScenario
]]></system-out>
    <system-err><![CDATA[Starting ChromeDriver 108.0.5359.71 (1e0e3868ee06e91ad636a874420e3ca3ae3756ac-refs/branch-heads/5359@{#1016}) on port 39718
Only local connections are allowed.
Please see https://chromedriver.chromium.org/security-considerations for suggestions on keeping ChromeDriver safe.
ChromeDriver was started successfully.
Dec 28, 2022 10:29:44 PM org.openqa.selenium.remote.ProtocolHandshake createSession
INFO: Detected dialect: W3C
]]></system-err>
  </testcase>
</testsuite>