<?xml version="1.0" encoding="UTF-8"?>
<!-- Generated by org.testng.reporters.JUnitReportReporter -->
<testsuite hostname="LAPTOP-ABCVONUM" failures="0" tests="1" name="smart.usa.runnertest.Runner" time="24.182" errors="0" timestamp="2022-12-27T18:01:57 EST" skipped="0">
  <testcase classname="smart.usa.runnertest.Runner" name="runScenario" time="24.182"/>
  <system-out/>
</testsuite> <!-- smart.usa.runnertest.Runner -->
