<?xml version="1.0" encoding="UTF-8"?>
<!-- Generated by org.testng.reporters.JUnitReportReporter -->
<testsuite hostname="LAPTOP-ABCVONUM" failures="0" tests="1" name="smart.usa.runnertest.Runner" time="26.513" errors="0" timestamp="29 Dec 2022 03:30:07 GMT" skipped="0">
  <testcase classname="smart.usa.runnertest.Runner" name="runScenario" time="26.513"/>
</testsuite> <!-- smart.usa.runnertest.Runner -->
